e:\dev\c++\shooter\shooter\smfl_01\smfl_01\release\vc141.pdb
e:\dev\c++\shooter\shooter\smfl_01\smfl_01\release\smfl_01.obj
e:\dev\c++\shooter\shooter\smfl_01\smfl_01\release\player.obj
e:\dev\c++\shooter\shooter\smfl_01\smfl_01\release\inputmanager.obj
e:\dev\c++\shooter\shooter\smfl_01\smfl_01\release\gamewindow.obj
e:\dev\c++\shooter\shooter\smfl_01\smfl_01\release\background.obj
e:\dev\c++\shooter\shooter\smfl_01\smfl_01\release\enemy.obj
e:\dev\c++\shooter\shooter\smfl_01\smfl_01\release\gamemanager.obj
e:\dev\c++\shooter\shooter\smfl_01\smfl_01\release\entity.obj
e:\dev\c++\shooter\shooter\smfl_01\smfl_01\release\smfl_01.pch
e:\dev\c++\shooter\shooter\smfl_01\smfl_01\release\pch.obj
e:\dev\c++\shooter\shooter\smfl_01\smfl_01\release\vehicule.obj
e:\dev\c++\shooter\shooter\smfl_01\smfl_01\release\monstertruck.obj
e:\dev\c++\shooter\shooter\smfl_01\smfl_01\release\manager.obj
e:\dev\c++\shooter\shooter\smfl_01\smfl_01\release\formulaone.obj
e:\dev\c++\shooter\shooter\smfl_01\smfl_01\release\main.obj
e:\dev\c++\shooter\shooter\smfl_01\smfl_01\release\projectile.obj
e:\dev\c++\shooter\shooter\smfl_01\release\smfl_01.exe
e:\dev\c++\shooter\shooter\smfl_01\release\smfl_01.pdb
e:\dev\c++\shooter\shooter\smfl_01\release\smfl_01.ipdb
e:\dev\c++\shooter\shooter\smfl_01\release\smfl_01.iobj
e:\dev\c++\shooter\shooter\smfl_01\smfl_01\release\smfl_01.tlog\cl.command.1.tlog
e:\dev\c++\shooter\shooter\smfl_01\smfl_01\release\smfl_01.tlog\cl.read.1.tlog
e:\dev\c++\shooter\shooter\smfl_01\smfl_01\release\smfl_01.tlog\cl.write.1.tlog
e:\dev\c++\shooter\shooter\smfl_01\smfl_01\release\smfl_01.tlog\link.command.1.tlog
e:\dev\c++\shooter\shooter\smfl_01\smfl_01\release\smfl_01.tlog\link.read.1.tlog
e:\dev\c++\shooter\shooter\smfl_01\smfl_01\release\smfl_01.tlog\link.write.1.tlog
e:\dev\c++\shooter\shooter\smfl_01\smfl_01\release\smfl_01.tlog\smfl_01.write.1u.tlog
