e:\dev\c++\shooter\shooter\smfl_01\smfl_01\debug\shooter.pch
e:\dev\c++\shooter\shooter\smfl_01\smfl_01\debug\vc141.pdb
e:\dev\c++\shooter\shooter\smfl_01\smfl_01\debug\vc141.idb
e:\dev\c++\shooter\shooter\smfl_01\smfl_01\debug\pch.obj
e:\dev\c++\shooter\shooter\smfl_01\smfl_01\debug\vehicule.obj
e:\dev\c++\shooter\shooter\smfl_01\smfl_01\debug\main.obj
e:\dev\c++\shooter\shooter\smfl_01\smfl_01\debug\projectile.obj
e:\dev\c++\shooter\shooter\smfl_01\smfl_01\debug\player.obj
e:\dev\c++\shooter\shooter\smfl_01\smfl_01\debug\monstertruck.obj
e:\dev\c++\shooter\shooter\smfl_01\smfl_01\debug\manager.obj
e:\dev\c++\shooter\shooter\smfl_01\smfl_01\debug\inputmanager.obj
e:\dev\c++\shooter\shooter\smfl_01\smfl_01\debug\gamewindow.obj
e:\dev\c++\shooter\shooter\smfl_01\smfl_01\debug\gamemanager.obj
e:\dev\c++\shooter\shooter\smfl_01\smfl_01\debug\formulaone.obj
e:\dev\c++\shooter\shooter\smfl_01\smfl_01\debug\entity.obj
e:\dev\c++\shooter\shooter\smfl_01\smfl_01\debug\enemy.obj
e:\dev\c++\shooter\shooter\smfl_01\smfl_01\debug\background.obj
e:\dev\c++\shooter\shooter\smfl_01\debug\shooter.ilk
e:\dev\c++\shooter\shooter\smfl_01\debug\shooter.exe
e:\dev\c++\shooter\shooter\smfl_01\debug\shooter.pdb
e:\dev\c++\shooter\shooter\smfl_01\smfl_01\debug\shooter.tlog\cl.command.1.tlog
e:\dev\c++\shooter\shooter\smfl_01\smfl_01\debug\shooter.tlog\cl.read.1.tlog
e:\dev\c++\shooter\shooter\smfl_01\smfl_01\debug\shooter.tlog\cl.write.1.tlog
e:\dev\c++\shooter\shooter\smfl_01\smfl_01\debug\shooter.tlog\link.command.1.tlog
e:\dev\c++\shooter\shooter\smfl_01\smfl_01\debug\shooter.tlog\link.read.1.tlog
e:\dev\c++\shooter\shooter\smfl_01\smfl_01\debug\shooter.tlog\link.write.1.tlog
