  pch.cpp
  Background.cpp
  BootMenuManager.cpp
d:\dev\c++\shooter\shooter\smfl_01\smfl_01\bootmenumanager.cpp(67): warning C4018: '>' : incompatibilité signed/unsigned
  DebugCustom.cpp
  Enemy.cpp
  Entity.cpp
  FormulaOne.cpp
  GameManager.cpp
  GameWindow.cpp
  InputManager.cpp
  Manager.cpp
  MonsterTruck.cpp
  Player.cpp
  Projectile.cpp
  main.cpp
  UIText.cpp
  Vehicule.cpp
  Génération de code en cours...
  SMFL_01.vcxproj -> D:\Dev\C++\Shooter\Shooter\SMFL_01\Debug\Shooter.exe
